<?xml version="1.0" encoding="UTF-8"?>
<testsuite name="org.apache.fop.fotreetest.FOTreeTestCase" time="0.707" tests="41" errors="0" skipped="0" failures="0">
  <properties>
    <property name="java.runtime.name" value="Java(TM) SE Runtime Environment"/>
    <property name="sun.boot.library.path" value="/Library/Java/JavaVirtualMachines/jdk1.8.0_291.jdk/Contents/Home/jre/lib"/>
    <property name="java.vm.version" value="25.291-b10"/>
    <property name="gopherProxySet" value="false"/>
    <property name="java.vm.vendor" value="Oracle Corporation"/>
    <property name="maven.multiModuleProjectDirectory" value="/Users/wallace/gin_projects/xmlgraphics-fop"/>
    <property name="java.vendor.url" value="http://java.oracle.com/"/>
    <property name="path.separator" value=":"/>
    <property name="guice.disable.misplaced.annotation.check" value="true"/>
    <property name="java.vm.name" value="Java HotSpot(TM) 64-Bit Server VM"/>
    <property name="file.encoding.pkg" value="sun.io"/>
    <property name="user.country" value="GB"/>
    <property name="sun.java.launcher" value="SUN_STANDARD"/>
    <property name="sun.os.patch.level" value="unknown"/>
    <property name="java.vm.specification.name" value="Java Virtual Machine Specification"/>
    <property name="user.dir" value="/Users/wallace/gin_projects/xmlgraphics-fop"/>
    <property name="java.runtime.version" value="1.8.0_291-b10"/>
    <property name="java.awt.graphicsenv" value="sun.awt.CGraphicsEnvironment"/>
    <property name="java.endorsed.dirs" value="/Library/Java/JavaVirtualMachines/jdk1.8.0_291.jdk/Contents/Home/jre/lib/endorsed"/>
    <property name="os.arch" value="x86_64"/>
    <property name="java.io.tmpdir" value="/var/folders/5j/q__58rqs1ds2w8dnwvnf95hr0000gn/T/"/>
    <property name="line.separator" value="&#10;"/>
    <property name="java.vm.specification.vendor" value="Oracle Corporation"/>
    <property name="os.name" value="Mac OS X"/>
    <property name="classworlds.conf" value="/usr/local/Cellar/maven/3.6.3_1/libexec/bin/m2.conf"/>
    <property name="sun.jnu.encoding" value="UTF-8"/>
    <property name="java.library.path" value="/Users/wallace/Library/Java/Extensions:/Library/Java/Extensions:/Network/Library/Java/Extensions:/System/Library/Java/Extensions:/usr/lib/java:."/>
    <property name="maven.conf" value="/usr/local/Cellar/maven/3.6.3_1/libexec/conf"/>
    <property name="java.specification.name" value="Java Platform API Specification"/>
    <property name="java.class.version" value="52.0"/>
    <property name="sun.management.compiler" value="HotSpot 64-Bit Tiered Compilers"/>
    <property name="os.version" value="10.16"/>
    <property name="library.jansi.path" value="/usr/local/Cellar/maven/3.6.3_1/libexec/lib/jansi-native"/>
    <property name="http.nonProxyHosts" value="local|*.local|169.254/16|*.169.254/16"/>
    <property name="user.home" value="/Users/wallace"/>
    <property name="user.timezone" value="Europe/London"/>
    <property name="java.awt.printerjob" value="sun.lwawt.macosx.CPrinterJob"/>
    <property name="java.specification.version" value="1.8"/>
    <property name="file.encoding" value="UTF-8"/>
    <property name="user.name" value="wallace"/>
    <property name="java.class.path" value="/usr/local/Cellar/maven/3.6.3_1/libexec/boot/plexus-classworlds-2.6.0.jar"/>
    <property name="java.vm.specification.version" value="1.8"/>
    <property name="sun.arch.data.model" value="64"/>
    <property name="java.home" value="/Library/Java/JavaVirtualMachines/jdk1.8.0_291.jdk/Contents/Home/jre"/>
    <property name="sun.java.command" value="org.codehaus.plexus.classworlds.launcher.Launcher test"/>
    <property name="java.specification.vendor" value="Oracle Corporation"/>
    <property name="user.language" value="en"/>
    <property name="awt.toolkit" value="sun.lwawt.macosx.LWCToolkit"/>
    <property name="java.vm.info" value="mixed mode"/>
    <property name="java.version" value="1.8.0_291"/>
    <property name="java.ext.dirs" value="/Users/wallace/Library/Java/Extensions:/Library/Java/JavaVirtualMachines/jdk1.8.0_291.jdk/Contents/Home/jre/lib/ext:/Library/Java/Extensions:/Network/Library/Java/Extensions:/System/Library/Java/Extensions:/usr/lib/java"/>
    <property name="sun.boot.class.path" value="/Library/Java/JavaVirtualMachines/jdk1.8.0_291.jdk/Contents/Home/jre/lib/resources.jar:/Library/Java/JavaVirtualMachines/jdk1.8.0_291.jdk/Contents/Home/jre/lib/rt.jar:/Library/Java/JavaVirtualMachines/jdk1.8.0_291.jdk/Contents/Home/jre/lib/sunrsasign.jar:/Library/Java/JavaVirtualMachines/jdk1.8.0_291.jdk/Contents/Home/jre/lib/jsse.jar:/Library/Java/JavaVirtualMachines/jdk1.8.0_291.jdk/Contents/Home/jre/lib/jce.jar:/Library/Java/JavaVirtualMachines/jdk1.8.0_291.jdk/Contents/Home/jre/lib/charsets.jar:/Library/Java/JavaVirtualMachines/jdk1.8.0_291.jdk/Contents/Home/jre/lib/jfr.jar:/Library/Java/JavaVirtualMachines/jdk1.8.0_291.jdk/Contents/Home/jre/classes"/>
    <property name="java.vendor" value="Oracle Corporation"/>
    <property name="maven.home" value="/usr/local/Cellar/maven/3.6.3_1/libexec"/>
    <property name="file.separator" value="/"/>
    <property name="java.vendor.url.bug" value="http://bugreport.sun.com/bugreport/"/>
    <property name="sun.cpu.endian" value="little"/>
    <property name="sun.io.unicode.encoding" value="UnicodeBig"/>
    <property name="socksNonProxyHosts" value="local|*.local|169.254/16|*.169.254/16"/>
    <property name="ftp.nonProxyHosts" value="local|*.local|169.254/16|*.169.254/16"/>
    <property name="sun.cpu.isalist" value=""/>
  </properties>
  <testcase name="runTest[0]" classname="org.apache.fop.fotreetest.FOTreeTestCase" time="0.029"/>
  <testcase name="runTest[1]" classname="org.apache.fop.fotreetest.FOTreeTestCase" time="0.033"/>
  <testcase name="runTest[2]" classname="org.apache.fop.fotreetest.FOTreeTestCase" time="0.099"/>
  <testcase name="runTest[3]" classname="org.apache.fop.fotreetest.FOTreeTestCase" time="0.061"/>
  <testcase name="runTest[4]" classname="org.apache.fop.fotreetest.FOTreeTestCase" time="0.02"/>
  <testcase name="runTest[5]" classname="org.apache.fop.fotreetest.FOTreeTestCase" time="0.008"/>
  <testcase name="runTest[6]" classname="org.apache.fop.fotreetest.FOTreeTestCase" time="0.026"/>
  <testcase name="runTest[7]" classname="org.apache.fop.fotreetest.FOTreeTestCase" time="0.008"/>
  <testcase name="runTest[8]" classname="org.apache.fop.fotreetest.FOTreeTestCase" time="0.007"/>
  <testcase name="runTest[9]" classname="org.apache.fop.fotreetest.FOTreeTestCase" time="0.009"/>
  <testcase name="runTest[10]" classname="org.apache.fop.fotreetest.FOTreeTestCase" time="0.008"/>
  <testcase name="runTest[11]" classname="org.apache.fop.fotreetest.FOTreeTestCase" time="0.011"/>
  <testcase name="runTest[12]" classname="org.apache.fop.fotreetest.FOTreeTestCase" time="0.007"/>
  <testcase name="runTest[13]" classname="org.apache.fop.fotreetest.FOTreeTestCase" time="0.008"/>
  <testcase name="runTest[14]" classname="org.apache.fop.fotreetest.FOTreeTestCase" time="0.005"/>
  <testcase name="runTest[15]" classname="org.apache.fop.fotreetest.FOTreeTestCase" time="0.005"/>
  <testcase name="runTest[16]" classname="org.apache.fop.fotreetest.FOTreeTestCase" time="0.006"/>
  <testcase name="runTest[17]" classname="org.apache.fop.fotreetest.FOTreeTestCase" time="0.003"/>
  <testcase name="runTest[18]" classname="org.apache.fop.fotreetest.FOTreeTestCase" time="0.004"/>
  <testcase name="runTest[19]" classname="org.apache.fop.fotreetest.FOTreeTestCase" time="0.002"/>
  <testcase name="runTest[20]" classname="org.apache.fop.fotreetest.FOTreeTestCase" time="0.004"/>
  <testcase name="runTest[21]" classname="org.apache.fop.fotreetest.FOTreeTestCase" time="0.002"/>
  <testcase name="runTest[22]" classname="org.apache.fop.fotreetest.FOTreeTestCase" time="0.004"/>
  <testcase name="runTest[23]" classname="org.apache.fop.fotreetest.FOTreeTestCase" time="0.022"/>
  <testcase name="runTest[24]" classname="org.apache.fop.fotreetest.FOTreeTestCase" time="0.003"/>
  <testcase name="runTest[25]" classname="org.apache.fop.fotreetest.FOTreeTestCase" time="0.004"/>
  <testcase name="runTest[26]" classname="org.apache.fop.fotreetest.FOTreeTestCase" time="0.003"/>
  <testcase name="runTest[27]" classname="org.apache.fop.fotreetest.FOTreeTestCase" time="0.008"/>
  <testcase name="runTest[28]" classname="org.apache.fop.fotreetest.FOTreeTestCase" time="0.246"/>
  <testcase name="runTest[29]" classname="org.apache.fop.fotreetest.FOTreeTestCase" time="0.004"/>
  <testcase name="runTest[30]" classname="org.apache.fop.fotreetest.FOTreeTestCase" time="0.002"/>
  <testcase name="runTest[31]" classname="org.apache.fop.fotreetest.FOTreeTestCase" time="0.004"/>
  <testcase name="runTest[32]" classname="org.apache.fop.fotreetest.FOTreeTestCase" time="0.006"/>
  <testcase name="runTest[33]" classname="org.apache.fop.fotreetest.FOTreeTestCase" time="0.007"/>
  <testcase name="runTest[34]" classname="org.apache.fop.fotreetest.FOTreeTestCase" time="0.004"/>
  <testcase name="runTest[35]" classname="org.apache.fop.fotreetest.FOTreeTestCase" time="0.006"/>
  <testcase name="runTest[36]" classname="org.apache.fop.fotreetest.FOTreeTestCase" time="0.005"/>
  <testcase name="runTest[37]" classname="org.apache.fop.fotreetest.FOTreeTestCase" time="0.002"/>
  <testcase name="runTest[38]" classname="org.apache.fop.fotreetest.FOTreeTestCase" time="0.003"/>
  <testcase name="runTest[39]" classname="org.apache.fop.fotreetest.FOTreeTestCase" time="0.006"/>
  <testcase name="runTest[40]" classname="org.apache.fop.fotreetest.FOTreeTestCase" time="0.003"/>
</testsuite>